[1/2] Compiling Swift Module 'Cryptor' (11 sources)
[2/3] Compiling Swift Module 'KituraTemplateEngine' (1 sources)
[3/5] Compiling Swift Module 'Logging' (3 sources)
[4/5] Compiling Swift Module 'LoggerAPI' (1 sources)
[5/27] Compiling Swift Module 'TypeDecoder' (2 sources)
[6/27] Compiling Swift Module 'Socket' (3 sources)
[7/27] Compiling Swift Module 'HeliumLogger' (3 sources)
[8/27] Compiling Swift Module 'KituraContracts' (9 sources)
[9/27] Compiling Swift Module 'Health' (3 sources)
[10/27] Compiling Swift Module 'FileKit' (1 sources)
[11/27] Compiling Swift Module 'Configuration' (5 sources)
[12/27] Compiling Swift Module 'SSLService' (2 sources)
[13/27] Compiling Swift Module 'CloudFoundryEnv' (6 sources)
[14/27] Compiling Swift Module 'KituraNet' (37 sources)
[15/27] Compiling Swift Module 'SwiftMetrics' (2 sources)
[16/27] Compiling Swift Module 'CloudEnvironment' (18 sources)
[17/27] Compiling Swift Module 'KituraWebSocket' (10 sources)
[18/27] Compiling Swift Module 'Kitura' (54 sources)
[19/27] Compiling Swift Module 'SwiftMetricsKitura' (1 sources)
[20/27] Compiling Swift Module 'SwiftMetricsREST' (1 sources)
[21/27] Compiling Swift Module 'SwiftMetricsPrometheus' (1 sources)
[22/27] Compiling Swift Module 'SwiftBAMDC' (2 sources)
[23/27] Compiling Swift Module 'SwiftMetricsBluemix' (1 sources)
[24/27] Compiling Swift Module 'SwiftMetricsDash' (1 sources)
[25/27] Compiling Swift Module 'Application' (5 sources)
[26/27] Compiling Swift Module 'ARKitura' (1 sources)
[27/27] Linking ./.build/x86_64-apple-macosx/debug/ARKitura
[Mon Oct 28 23:36:36 2019] com.ibm.diagnostics.healthcenter.loader INFO: Swift Application Metrics
[2019-10-28T23:36:36.104+03:00] [INFO] [Metrics.swift:24 initializeMetrics(router:)] Initialized metrics.
[2019-10-28T23:36:36.109+03:00] [INFO] [HTTPServer.swift:244 listen(_:)] Listening on port 8080
[Mon Oct 28 23:36:47 2019] com.ibm.diagnostics.healthcenter.loader INFO: Swift Application Metrics
[2019-10-28T23:36:47.254+03:00] [INFO] [Metrics.swift:24 initializeMetrics(router:)] Initialized metrics.
[2019-10-28T23:36:47.259+03:00] [INFO] [HTTPServer.swift:244 listen(_:)] Listening on port 8080
[1/2] Compiling Swift Module 'Application' (5 sources)
[2/2] Linking ./.build/x86_64-apple-macosx/debug/ARKitura
[Mon Oct 28 23:38:52 2019] com.ibm.diagnostics.healthcenter.loader INFO: Swift Application Metrics
[2019-10-28T23:38:52.675+03:00] [INFO] [Metrics.swift:24 initializeMetrics(router:)] Initialized metrics.
[2019-10-28T23:38:52.680+03:00] [WARNING] [StaticFileServer.swift:132 init(path:options:customResponseHeadersSetter:)] StaticFileServer being initialised with invalid path: /Users/aleksandrmakarov/SwiftServer/ARKitura/./public
[2019-10-28T23:38:52.681+03:00] [INFO] [HTTPServer.swift:244 listen(_:)] Listening on port 8080
